Active-HDL 10.3.3558.6081  2018-11-21 21:43:22

Elaboration top modules:
Architecture                  TB_ARCHITECTURE(memory_tb)


-------------------------------------------------------------------------------------------------------
Entity    | Architecture    | Library         | Info | Compiler Version          | Compilation Options
-------------------------------------------------------------------------------------------------------
memory_tb | TB_ARCHITECTURE | microcontroller |      | 10.3.3558.6081  (Windows) | -O3 -2008
memory    | structural      | microcontroller |      | 10.3.3558.6081  (Windows) | -O3 -2008
-------------------------------------------------------------------------------------------------------

-------------------------------------------------------------------------------------------------------
VHDL Package                | Library         | Info | Compiler Version          | Compilation Options
-------------------------------------------------------------------------------------------------------
standard                    | std             |      |                           | <unavailable>
TEXTIO                      | std             |      | 10.3.3558.6081  (Windows) |  -2008
std_logic_1164              | ieee            |      | 10.3.3558.6081  (Windows) |  -2008
NUMERIC_STD                 | ieee            |      | 10.3.3558.6081  (Windows) |  -2008
microcontroller_package     | microcontroller |      | 10.3.3558.6081  (Windows) | -O3 -2008
-------------------------------------------------------------------------------------------------------

-------------------------------------------------------------------------------------------------------
Library                     | Comment
-------------------------------------------------------------------------------------------------------
ieee                        | Standard IEEE packages library
microcontroller             | None
std                         | Standard VHDL library
-------------------------------------------------------------------------------------------------------
